__init__: (1,), {}
__init__: (2,), {}
mix: ('q', 'q'), {}
qq
mix: (2, 3), {}
5
mix: (2, '3'), {}
223
al: ('q',), {}
1
al: (1, 2, 3, 4, 5, 6), {'foo': 7, 'bar': 8}
2
al: (1, 2, 3, 4, 5, 6), {'foo': 7, 'bar': 8}
22
al: ('E', 2, 3, 4, 5, 6), {'foo': 7, 'bar': 8}
2
al: (1, 'E', 3, 4, 5, 6), {'foo': 7, 'bar': 8}
E
al: (1, 2, 'E', 4, 5, 6), {'foo': 7, 'bar': 8}
2
al: (1, 2, 3, 'E', 5, 6), {'foo': '7', 'bar': 8}
2
al: (1,), {'f': 'E', 'd': 1}
1
al: (1,), {'f': 1, 'd': 'E'}
E
al: (1,), {'f': 'E', 'd': '1'}
1
al: (1,), {'d': 'E', 'f': '1'}
E
al: (1,), {'e': 'E'}
1
al: (1,), {'g': 'E'}
1
